2015-03-31T06:48:39.817 情報 <<<<< jp.saka1029.cspj.test.TestMain#testShikaku2 >>>>> 
2015-03-31T06:48:40.319 情報 SolverMain: start solve() solver=BasicSolver 
2015-03-31T06:48:40.516 情報 Shikaku: file=data\cis2.txt 
2015-03-31T06:48:40.917 情報 size=(36, 20)
+--+--+--+--+--+--+--+--+--+--+--+--+--+--+--+--+--+--+--+--+--+--+--+--+--+--+--+--+--+--+--+--+--+--+--+--+  
|       4              6                12                       8                          6              6|  
+                                                                                                           +  
|    4              5                 4                    3  5                          6              8   |  
+                                                                                                           +  
| 4           4                10                    6  8                    9  3  4                 8      |  
+                                                                                                           +  
|          6                       2                                                          10            |  
+                                                                                                           +  
|                            6                 4                12  6                       6               |  
+                                                                                                           +  
|    8        4  2  8     4                 4                          4              4                     |  
+                                                                                                           +  
| 5                                      6                             3           8                       8|  
+                                                                                                           +  
|                                     4           8           4                                         6   |  
+                                                                                                           +  
|          8                    8              6           6                 4              6  6  6         |  
+                                                                                                           +  
|       9              4                 4                          2                 8                     |  
+                                                                                                           +  
|                      8                 9                          4                 8              4      |  
+                                                                                                           +  
|          6  8  8              9                 9           9              8                    8         |  
+                                                                                                           +  
|    6                                         4          12           6                                    |  
+                                                                                                           +  
| 6                       6           6                             6                                      4|  
+                                                                                                           +  
|                      4              6                          8                 4     4  6  6       10   |  
+                                                                                                           +  
|                7                      12  6                 9                 3                           |  
+                                                                                                           +  
|             4                                                           6                       4         |  
+                                                                                                           +  
|       6                 4  6  4                    4  4                    8                 4           3|  
+                                                                                                           +  
|    4              6                          6  6                    8                 4              4   |  
+                                                                                                           +  
| 4              6                          8                       6                 7              3      |  
+--+--+--+--+--+--+--+--+--+--+--+--+--+--+--+--+--+--+--+--+--+--+--+--+--+--+--+--+--+--+--+--+--+--+--+--+  
                                                                                                               
 
2015-03-31T06:48:43.035 情報 BasicSolver: **** reduced problem **** 
2015-03-31T06:48:43.036 情報 BasicSolver: variable 4@(2, 0) : [Box((2, 0), (4, 1))] 
2015-03-31T06:48:43.037 情報 BasicSolver: variable 6@(7, 0) : [Box((7, 0), (6, 1)), Box((6, 0), (6, 1))] 
2015-03-31T06:48:43.055 情報 BasicSolver: variable 12@(13, 0) : [Box((13, 0), (4, 3)), Box((13, 0), (3, 4))] 
2015-03-31T06:48:43.058 情報 BasicSolver: variable 8@(21, 0) : [Box((17, 0), (8, 1)), Box((16, 0), (8, 1))] 
2015-03-31T06:48:43.059 情報 BasicSolver: variable 6@(30, 0) : [Box((25, 0), (6, 1))] 
2015-03-31T06:48:43.059 情報 BasicSolver: variable 6@(35, 0) : [Box((35, 0), (1, 6))] 
2015-03-31T06:48:43.059 情報 BasicSolver: variable 4@(1, 1) : [Box((0, 0), (2, 2))] 
2015-03-31T06:48:43.060 情報 BasicSolver: variable 5@(6, 1) : [Box((2, 1), (5, 1))] 
2015-03-31T06:48:43.061 情報 BasicSolver: variable 4@(12, 1) : [Box((12, 0), (1, 4)), Box((12, 1), (1, 4))] 
2015-03-31T06:48:43.061 情報 BasicSolver: variable 3@(19, 1) : [Box((17, 1), (3, 1))] 
2015-03-31T06:48:43.062 情報 BasicSolver: variable 5@(20, 1) : [Box((20, 1), (5, 1))] 
2015-03-31T06:48:43.063 情報 BasicSolver: variable 6@(29, 1) : [Box((25, 1), (6, 1))] 
2015-03-31T06:48:43.063 情報 BasicSolver: variable 8@(34, 1) : [Box((31, 0), (4, 2))] 
2015-03-31T06:48:43.064 情報 BasicSolver: variable 4@(0, 2) : [Box((0, 2), (1, 4))] 
2015-03-31T06:48:43.064 情報 BasicSolver: variable 4@(4, 2) : [Box((3, 2), (4, 1))] 
2015-03-31T06:48:43.065 情報 BasicSolver: variable 10@(10, 2) : [Box((7, 1), (5, 2))] 
2015-03-31T06:48:43.066 情報 BasicSolver: variable 6@(17, 2) : [Box((16, 2), (2, 3)), Box((17, 2), (1, 6))] 
2015-03-31T06:48:43.066 情報 BasicSolver: variable 8@(18, 2) : [Box((18, 2), (4, 2))] 
2015-03-31T06:48:43.067 情報 BasicSolver: variable 9@(25, 2) : [Box((23, 2), (3, 3))] 
2015-03-31T06:48:43.067 情報 BasicSolver: variable 3@(26, 2) : [Box((26, 2), (1, 3))] 
2015-03-31T06:48:43.068 情報 BasicSolver: variable 4@(27, 2) : [Box((27, 2), (1, 4))] 
2015-03-31T06:48:43.068 情報 BasicSolver: variable 8@(33, 2) : [Box((33, 2), (2, 4))] 
2015-03-31T06:48:43.069 情報 BasicSolver: variable 6@(3, 3) : [Box((3, 3), (6, 1))] 
2015-03-31T06:48:43.069 情報 BasicSolver: variable 2@(11, 3) : [Box((10, 3), (2, 1)), Box((11, 3), (1, 2))] 
2015-03-31T06:48:43.070 情報 BasicSolver: variable 10@(31, 3) : [Box((28, 2), (5, 2))] 
2015-03-31T06:48:43.071 情報 BasicSolver: variable 6@(9, 4) : [Box((9, 4), (6, 1)), Box((8, 4), (6, 1)), Box((9, 3), (2, 3)), Box((9, 4), (1, 6)), Box((9, 4), (3, 2)), Box((9, 3), (1, 6))] 
2015-03-31T06:48:43.071 情報 BasicSolver: variable 4@(15, 4) : [Box((15, 3), (1, 4)), Box((15, 4), (1, 4)), Box((15, 3), (2, 2)), Box((13, 4), (4, 1)), Box((12, 4), (4, 1)), Box((14, 3), (2, 2)), Box((15, 4), (2, 2))] 
2015-03-31T06:48:43.072 情報 BasicSolver: variable 12@(21, 4) : [Box((18, 4), (4, 3))] 
2015-03-31T06:48:43.073 情報 BasicSolver: variable 6@(22, 4) : [Box((22, 2), (1, 6))] 
2015-03-31T06:48:43.077 情報 BasicSolver: variable 6@(30, 4) : [Box((30, 4), (3, 2))] 
2015-03-31T06:48:43.077 情報 BasicSolver: variable 8@(1, 5) : [Box((1, 2), (2, 4))] 
2015-03-31T06:48:43.079 情報 BasicSolver: variable 4@(4, 5) : [Box((3, 4), (2, 2))] 
2015-03-31T06:48:43.080 情報 BasicSolver: variable 2@(5, 5) : [Box((5, 4), (1, 2))] 
2015-03-31T06:48:43.080 情報 BasicSolver: variable 8@(6, 5) : [Box((6, 4), (2, 4))] 
2015-03-31T06:48:43.081 情報 BasicSolver: variable 4@(8, 5) : [Box((8, 5), (4, 1)), Box((8, 4), (1, 4)), Box((8, 5), (2, 2))] 
2015-03-31T06:48:43.082 情報 BasicSolver: variable 4@(14, 5) : [Box((14, 3), (1, 4)), Box((14, 4), (1, 4)), Box((12, 5), (4, 1)), Box((11, 5), (4, 1)), Box((14, 5), (4, 1)), Box((13, 5), (4, 1)), Box((13, 4), (2, 2)), Box((14, 5), (2, 2))] 
2015-03-31T06:48:43.085 情報 BasicSolver: variable 4@(23, 5) : [Box((23, 5), (4, 1))] 
2015-03-31T06:48:43.086 情報 BasicSolver: variable 4@(28, 5) : [Box((28, 4), (2, 2))] 
2015-03-31T06:48:43.087 情報 BasicSolver: variable 5@(0, 6) : [Box((0, 6), (5, 1))] 
2015-03-31T06:48:43.087 情報 BasicSolver: variable 6@(13, 6) : [Box((13, 3), (1, 6)), Box((13, 6), (3, 2)), Box((11, 5), (3, 2)), Box((12, 4), (2, 3))] 
2015-03-31T06:48:43.088 情報 BasicSolver: variable 3@(23, 6) : [Box((23, 6), (1, 3))] 
2015-03-31T06:48:43.089 情報 BasicSolver: variable 8@(27, 6) : [Box((24, 6), (4, 2))] 
2015-03-31T06:48:43.089 情報 BasicSolver: variable 8@(35, 6) : [Box((28, 6), (8, 1))] 
2015-03-31T06:48:43.096 情報 BasicSolver: variable 4@(12, 7) : [Box((12, 7), (4, 1)), Box((11, 7), (4, 1)), Box((11, 7), (2, 2)), Box((11, 6), (2, 2)), Box((12, 7), (2, 2)), Box((12, 4), (1, 4)), Box((12, 5), (1, 4))] 
2015-03-31T06:48:43.096 情報 BasicSolver: variable 8@(16, 7) : [Box((14, 6), (4, 2)), Box((16, 0), (1, 8)), Box((16, 1), (1, 8))] 
2015-03-31T06:48:43.097 情報 BasicSolver: variable 4@(20, 7) : [Box((20, 7), (2, 2)), Box((18, 7), (4, 1)), Box((17, 7), (4, 1))] 
2015-03-31T06:48:43.097 情報 BasicSolver: variable 6@(34, 7) : [Box((34, 7), (2, 3))] 
2015-03-31T06:48:43.098 情報 BasicSolver: variable 8@(3, 8) : [Box((0, 7), (4, 2))] 
2015-03-31T06:48:43.099 情報 BasicSolver: variable 8@(10, 8) : [Box((9, 6), (2, 4)), Box((9, 5), (2, 4)), Box((10, 6), (2, 4)), Box((10, 5), (2, 4))] 
2015-03-31T06:48:43.099 情報 BasicSolver: variable 6@(15, 8) : [Box((11, 8), (6, 1)), Box((13, 7), (3, 2)), Box((14, 6), (2, 3))] 
2015-03-31T06:48:43.101 情報 BasicSolver: variable 6@(19, 8) : [Box((16, 8), (6, 1)), Box((17, 7), (3, 2))] 
2015-03-31T06:48:43.102 情報 BasicSolver: variable 4@(25, 8) : [Box((24, 8), (4, 1))] 
2015-03-31T06:48:43.102 情報 BasicSolver: variable 6@(30, 8) : [Box((28, 7), (3, 2))] 
2015-03-31T06:48:43.102 情報 BasicSolver: variable 6@(31, 8) : [Box((31, 7), (1, 6))] 
2015-03-31T06:48:43.103 情報 BasicSolver: variable 6@(32, 8) : [Box((32, 7), (2, 3))] 
2015-03-31T06:48:43.105 情報 BasicSolver: variable 9@(2, 9) : [Box((0, 9), (3, 3))] 
2015-03-31T06:48:43.106 情報 BasicSolver: variable 4@(7, 9) : [Box((6, 8), (2, 2))] 
2015-03-31T06:48:43.107 情報 BasicSolver: variable 4@(13, 9) : [Box((11, 9), (4, 1)), Box((12, 8), (2, 2)), Box((10, 9), (4, 1))] 
2015-03-31T06:48:43.108 情報 BasicSolver: variable 2@(22, 9) : [Box((22, 8), (1, 2))] 
2015-03-31T06:48:43.109 情報 BasicSolver: variable 8@(28, 9) : [Box((23, 9), (8, 1))] 
2015-03-31T06:48:43.109 情報 BasicSolver: variable 8@(7, 10) : [Box((6, 10), (2, 4))] 
2015-03-31T06:48:43.110 情報 BasicSolver: variable 9@(13, 10) : [Box((12, 10), (3, 3))] 
2015-03-31T06:48:43.110 情報 BasicSolver: variable 4@(22, 10) : [Box((22, 10), (2, 2))] 
2015-03-31T06:48:43.110 情報 BasicSolver: variable 8@(28, 10) : [Box((28, 10), (2, 4))] 
2015-03-31T06:48:43.111 情報 BasicSolver: variable 4@(33, 10) : [Box((32, 10), (4, 1))] 
2015-03-31T06:48:43.111 情報 BasicSolver: variable 6@(3, 11) : [Box((3, 9), (1, 6))] 
2015-03-31T06:48:43.112 情報 BasicSolver: variable 8@(4, 11) : [Box((4, 7), (1, 8))] 
2015-03-31T06:48:43.113 情報 BasicSolver: variable 8@(5, 11) : [Box((5, 6), (1, 8))] 
2015-03-31T06:48:43.114 情報 BasicSolver: variable 9@(10, 11) : [Box((9, 9), (3, 3)), Box((9, 10), (3, 3))] 
2015-03-31T06:48:43.115 情報 BasicSolver: variable 9@(16, 11) : [Box((16, 9), (3, 3))] 
2015-03-31T06:48:43.116 情報 BasicSolver: variable 9@(20, 11) : [Box((19, 9), (3, 3))] 
2015-03-31T06:48:43.116 情報 BasicSolver: variable 8@(25, 11) : [Box((24, 10), (4, 2))] 
2015-03-31T06:48:43.116 情報 BasicSolver: variable 8@(32, 11) : [Box((32, 11), (4, 2))] 
2015-03-31T06:48:43.117 情報 BasicSolver: variable 6@(1, 12) : [Box((1, 12), (2, 3))] 
2015-03-31T06:48:43.117 情報 BasicSolver: variable 4@(15, 12) : [Box((15, 9), (1, 4))] 
2015-03-31T06:48:43.118 情報 BasicSolver: variable 12@(19, 12) : [Box((16, 12), (6, 2))] 
2015-03-31T06:48:43.118 情報 BasicSolver: variable 6@(23, 12) : [Box((22, 12), (6, 1))] 
2015-03-31T06:48:43.119 情報 BasicSolver: variable 6@(0, 13) : [Box((0, 12), (1, 6))] 
2015-03-31T06:48:43.120 情報 BasicSolver: variable 6@(8, 13) : [Box((8, 8), (1, 6))] 
2015-03-31T06:48:43.120 情報 BasicSolver: variable 6@(12, 13) : [Box((10, 13), (6, 1))] 
2015-03-31T06:48:43.121 情報 BasicSolver: variable 6@(22, 13) : [Box((22, 13), (6, 1))] 
2015-03-31T06:48:43.121 情報 BasicSolver: variable 4@(35, 13) : [Box((35, 13), (1, 4))] 
2015-03-31T06:48:43.122 情報 BasicSolver: variable 4@(7, 14) : [Box((5, 14), (4, 1))] 
2015-03-31T06:48:43.123 情報 BasicSolver: variable 6@(12, 14) : [Box((10, 14), (6, 1))] 
2015-03-31T06:48:43.123 情報 BasicSolver: variable 8@(21, 14) : [Box((16, 14), (8, 1))] 
2015-03-31T06:48:43.124 情報 BasicSolver: variable 4@(27, 14) : [Box((24, 14), (4, 1))] 
2015-03-31T06:48:43.124 情報 BasicSolver: variable 4@(29, 14) : [Box((28, 14), (2, 2))] 
2015-03-31T06:48:43.124 情報 BasicSolver: variable 6@(30, 14) : [Box((30, 10), (1, 6))] 
2015-03-31T06:48:43.125 情報 BasicSolver: variable 6@(31, 14) : [Box((31, 13), (2, 3))] 
2015-03-31T06:48:43.125 情報 BasicSolver: variable 10@(34, 14) : [Box((33, 13), (2, 5))] 
2015-03-31T06:48:43.125 情報 BasicSolver: variable 7@(5, 15) : [Box((1, 15), (7, 1))] 
2015-03-31T06:48:43.125 情報 BasicSolver: variable 12@(13, 15) : [Box((11, 15), (3, 4))] 
2015-03-31T06:48:43.126 情報 BasicSolver: variable 6@(14, 15) : [Box((14, 15), (6, 1))] 
2015-03-31T06:48:43.126 情報 BasicSolver: variable 9@(20, 15) : [Box((20, 15), (3, 3))] 
2015-03-31T06:48:43.126 情報 BasicSolver: variable 3@(26, 15) : [Box((25, 15), (3, 1))] 
2015-03-31T06:48:43.127 情報 BasicSolver: variable 4@(4, 16) : [Box((4, 16), (4, 1))] 
2015-03-31T06:48:43.127 情報 BasicSolver: variable 6@(24, 16) : [Box((23, 15), (2, 3))] 
2015-03-31T06:48:43.127 情報 BasicSolver: variable 4@(32, 16) : [Box((29, 16), (4, 1))] 
2015-03-31T06:48:43.128 情報 BasicSolver: variable 6@(2, 17) : [Box((1, 16), (3, 2))] 
2015-03-31T06:48:43.128 情報 BasicSolver: variable 4@(8, 17) : [Box((8, 15), (1, 4))] 
2015-03-31T06:48:43.128 情報 BasicSolver: variable 6@(9, 17) : [Box((9, 12), (1, 6)), Box((9, 13), (1, 6))] 
2015-03-31T06:48:43.129 情報 BasicSolver: variable 4@(10, 17) : [Box((10, 15), (1, 4))] 
2015-03-31T06:48:43.129 情報 BasicSolver: variable 4@(17, 17) : [Box((16, 16), (2, 2))] 
2015-03-31T06:48:43.129 情報 BasicSolver: variable 4@(18, 17) : [Box((18, 16), (2, 2))] 
2015-03-31T06:48:43.130 情報 BasicSolver: variable 8@(25, 17) : [Box((25, 16), (4, 2))] 
2015-03-31T06:48:43.131 情報 BasicSolver: variable 4@(31, 17) : [Box((29, 17), (4, 1))] 
2015-03-31T06:48:43.132 情報 BasicSolver: variable 3@(35, 17) : [Box((35, 17), (1, 3))] 
2015-03-31T06:48:43.133 情報 BasicSolver: variable 4@(1, 18) : [Box((0, 18), (4, 1))] 
2015-03-31T06:48:43.133 情報 BasicSolver: variable 6@(6, 18) : [Box((6, 17), (2, 3))] 
2015-03-31T06:48:43.133 情報 BasicSolver: variable 6@(15, 18) : [Box((14, 16), (2, 3))] 
2015-03-31T06:48:43.134 情報 BasicSolver: variable 6@(16, 18) : [Box((16, 18), (3, 2))] 
2015-03-31T06:48:43.134 情報 BasicSolver: variable 8@(23, 18) : [Box((19, 18), (8, 1))] 
2015-03-31T06:48:43.134 情報 BasicSolver: variable 4@(29, 18) : [Box((27, 18), (4, 1))] 
2015-03-31T06:48:43.135 情報 BasicSolver: variable 4@(34, 18) : [Box((31, 18), (4, 1))] 
2015-03-31T06:48:43.135 情報 BasicSolver: variable 4@(0, 19) : [Box((0, 19), (4, 1))] 
2015-03-31T06:48:43.136 情報 BasicSolver: variable 6@(5, 19) : [Box((4, 17), (2, 3))] 
2015-03-31T06:48:43.136 情報 BasicSolver: variable 8@(14, 19) : [Box((8, 19), (8, 1))] 
2015-03-31T06:48:43.136 情報 BasicSolver: variable 6@(22, 19) : [Box((19, 19), (6, 1))] 
2015-03-31T06:48:43.137 情報 BasicSolver: variable 7@(28, 19) : [Box((25, 19), (7, 1))] 
2015-03-31T06:48:43.137 情報 BasicSolver: variable 3@(33, 19) : [Box((32, 19), (3, 1))] 
2015-03-31T06:48:43.429 情報 size=(36, 20)
+--+--+--+--+--+--+--+--+--+--+--+--+--+--+--+--+--+--+--+--+--+--+--+--+--+--+--+--+--+--+--+--+--+--+--+--+  
|     | 4         |    6            |  |12      |  |             8         |                6|           | 6|  
+     +--+--+--+--+--+--+--+--+--+--+  +        +  +--+--+--+--+--+--+--+--+--+--+--+--+--+--+           +  +  
|    4|             5|              | 4|        |  |       3| 5            |             6   |          8|  |  
+--+--+--+--+--+--+--+              +  +        +  +--+--+--+--+--+--+--+--+--+--+--+--+--+--+--+--+--+--+  +  
| 4|     |    4      |         10   |  |        |  | 6| 8         |  |       9| 3| 4|              | 8   |  |  
+  +     +--+--+--+--+--+--+--+--+--+  +        +  +  +           +  +        +  +  +              +     +  +  
|  |     | 6               |     | 2|  |        |  |  |           |  |        |  |  |         10   |     |  |  
+  +     +--+--+--+--+--+--+     +  +--+--+--+--+  +  +--+--+--+--+  +        +  +  +--+--+--+--+--+     +  +  
|  |     |     |  |     |  | 6   |  |          4|  |  |         12| 6|        |  |  |     | 6      |     |  |  
+  +     +     +  +     +  +     +--+--+--+--+--+  +  +           +  +--+--+--+--+  +     +        +     +  +  
|  | 8   |    4| 2| 8   | 4|     |        | 4   |  |  |           |  | 4         |  | 4   |        |     |  |  
+--+--+--+--+--+--+     +  +--+--+        +     +  +  +           +  +--+--+--+--+--+--+--+--+--+--+--+--+--+  
| 5            |  |     |  |     |       6|     |  |  |           |  | 3|          8|                      8|  
+--+--+--+--+--+  +     +  +     +--+--+--+--+--+  +  +--+--+--+--+  +  +           +--+--+--+--+--+--+--+--+  
|           |  |  |     |  |     |    4|        | 8|  |       4   |  |  |           |        |  |     | 6   |  
+           +  +  +--+--+--+     +     +        +--+--+--+--+--+--+--+  +--+--+--+--+        +  +     +     +  
|          8|  |  |     |  |    8|     |       6|          6      |  |  |    4      |       6| 6| 6   |     |  
+--+--+--+--+  +  +     +  +     +--+--+--+--+--+--+--+--+--+--+--+  +--+--+--+--+--+--+--+--+  +     +     +  
|       9|  |  |  |    4|  |     |       4   |  |        |        | 2|                8      |  |     |     |  
+        +  +  +  +--+--+  +--+--+--+--+--+--+  +        +        +--+--+--+--+--+--+--+--+--+  +--+--+--+--+  
|        |  |  |  |    8|  |        |    9   |  |        |        | 4   |           | 8   |  |  |    4      |  
+        +  +  +  +     +  +        +        +  +        +        +     +           +     +  +  +--+--+--+--+  
|        | 6| 8| 8|     |  |    9   |        |  | 9      |    9   |     |    8      |     |  |  | 8         |  
+--+--+--+  +  +  +     +  +        +        +  +--+--+--+--+--+--+--+--+--+--+--+--+     +  +  +           +  
|  | 6   |  |  |  |     |  |        |        | 4|         12      |    6            |     |  |  |           |  
+  +     +  +  +  +     +  +--+--+--+--+--+--+--+                 +--+--+--+--+--+--+     +  +--+--+--+--+--+  
| 6|     |  |  |  |     | 6|  |       6         |                 | 6               |     |  |     |     | 4|  
+  +     +  +  +--+--+--+--+  +--+--+--+--+--+--+--+--+--+--+--+--+--+--+--+--+--+--+--+--+  +     +     +  +  
|  |     |  |  |       4   |  |       6         |                8      |          4|    4| 6| 6   |   10|  |  
+  +--+--+--+--+--+--+--+--+  +--+--+--+--+--+--+--+--+--+--+--+--+--+--+--+--+--+--+     +  +     +     +  +  
|  |             7      |  |  |  |      12| 6               | 9      |     |    3   |     |  |     |     |  |  
+  +--+--+--+--+--+--+--+  +  +  +        +--+--+--+--+--+--+        +     +--+--+--+--+--+--+--+--+     +  +  
|  |        | 4         |  |  |  |        |     |     |     |        |    6|           |          4|     |  |  
+  +        +--+--+--+--+  +  +  +        +     +     +     +        +     +           +--+--+--+--+     +--+  
|  |    6   |     |     | 4| 6| 4|        |     |    4| 4   |        |     | 8         |       4   |     | 3|  
+--+--+--+--+     +     +  +  +  +        +     +--+--+--+--+--+--+--+--+--+--+--+--+--+--+--+--+--+--+--+  +  
|    4      |     | 6   |  |  |  |        |    6| 6      |             8         |       4   |          4|  |  
+--+--+--+--+     +     +--+--+--+--+--+--+--+--+        +--+--+--+--+--+--+--+--+--+--+--+--+--+--+--+--+  +  
| 4         |    6|     |                   8   |        |          6      |          7         |    3   |  |  
+--+--+--+--+--+--+--+--+--+--+--+--+--+--+--+--+--+--+--+--+--+--+--+--+--+--+--+--+--+--+--+--+--+--+--+--+  
                                                                                                               
 
2015-03-31T06:48:43.864 情報 BasicSolver: variables=120 reduced variables=20 constraints=7140 answers=1 elapse=2546ms 
2015-03-31T06:48:44.196 情報 <<<<< jp.saka1029.cspj.test.TestMain#testShikaku2 >>>>> 
2015-03-31T06:48:44.197 情報 SolverMain: start solve() solver=MinisatSolver 
2015-03-31T06:48:44.236 情報 Shikaku: file=data\cis2.txt 
2015-03-31T06:48:44.255 情報 size=(36, 20)
+--+--+--+--+--+--+--+--+--+--+--+--+--+--+--+--+--+--+--+--+--+--+--+--+--+--+--+--+--+--+--+--+--+--+--+--+  
|       4              6                12                       8                          6              6|  
+                                                                                                           +  
|    4              5                 4                    3  5                          6              8   |  
+                                                                                                           +  
| 4           4                10                    6  8                    9  3  4                 8      |  
+                                                                                                           +  
|          6                       2                                                          10            |  
+                                                                                                           +  
|                            6                 4                12  6                       6               |  
+                                                                                                           +  
|    8        4  2  8     4                 4                          4              4                     |  
+                                                                                                           +  
| 5                                      6                             3           8                       8|  
+                                                                                                           +  
|                                     4           8           4                                         6   |  
+                                                                                                           +  
|          8                    8              6           6                 4              6  6  6         |  
+                                                                                                           +  
|       9              4                 4                          2                 8                     |  
+                                                                                                           +  
|                      8                 9                          4                 8              4      |  
+                                                                                                           +  
|          6  8  8              9                 9           9              8                    8         |  
+                                                                                                           +  
|    6                                         4          12           6                                    |  
+                                                                                                           +  
| 6                       6           6                             6                                      4|  
+                                                                                                           +  
|                      4              6                          8                 4     4  6  6       10   |  
+                                                                                                           +  
|                7                      12  6                 9                 3                           |  
+                                                                                                           +  
|             4                                                           6                       4         |  
+                                                                                                           +  
|       6                 4  6  4                    4  4                    8                 4           3|  
+                                                                                                           +  
|    4              6                          6  6                    8                 4              4   |  
+                                                                                                           +  
| 4              6                          8                       6                 7              3      |  
+--+--+--+--+--+--+--+--+--+--+--+--+--+--+--+--+--+--+--+--+--+--+--+--+--+--+--+--+--+--+--+--+--+--+--+--+  
                                                                                                               
 
2015-03-31T06:48:45.286 情報 size=(36, 20)
+--+--+--+--+--+--+--+--+--+--+--+--+--+--+--+--+--+--+--+--+--+--+--+--+--+--+--+--+--+--+--+--+--+--+--+--+  
|     | 4         |    6            |  |12      |  |             8         |                6|           | 6|  
+     +--+--+--+--+--+--+--+--+--+--+  +        +  +--+--+--+--+--+--+--+--+--+--+--+--+--+--+           +  +  
|    4|             5|              | 4|        |  |       3| 5            |             6   |          8|  |  
+--+--+--+--+--+--+--+              +  +        +  +--+--+--+--+--+--+--+--+--+--+--+--+--+--+--+--+--+--+  +  
| 4|     |    4      |         10   |  |        |  | 6| 8         |  |       9| 3| 4|              | 8   |  |  
+  +     +--+--+--+--+--+--+--+--+--+  +        +  +  +           +  +        +  +  +              +     +  +  
|  |     | 6               |     | 2|  |        |  |  |           |  |        |  |  |         10   |     |  |  
+  +     +--+--+--+--+--+--+     +  +--+--+--+--+  +  +--+--+--+--+  +        +  +  +--+--+--+--+--+     +  +  
|  |     |     |  |     |  | 6   |  |          4|  |  |         12| 6|        |  |  |     | 6      |     |  |  
+  +     +     +  +     +  +     +--+--+--+--+--+  +  +           +  +--+--+--+--+  +     +        +     +  +  
|  | 8   |    4| 2| 8   | 4|     |        | 4   |  |  |           |  | 4         |  | 4   |        |     |  |  
+--+--+--+--+--+--+     +  +--+--+        +     +  +  +           +  +--+--+--+--+--+--+--+--+--+--+--+--+--+  
| 5            |  |     |  |     |       6|     |  |  |           |  | 3|          8|                      8|  
+--+--+--+--+--+  +     +  +     +--+--+--+--+--+  +  +--+--+--+--+  +  +           +--+--+--+--+--+--+--+--+  
|           |  |  |     |  |     |    4|        | 8|  |       4   |  |  |           |        |  |     | 6   |  
+           +  +  +--+--+--+     +     +        +--+--+--+--+--+--+--+  +--+--+--+--+        +  +     +     +  
|          8|  |  |     |  |    8|     |       6|          6      |  |  |    4      |       6| 6| 6   |     |  
+--+--+--+--+  +  +     +  +     +--+--+--+--+--+--+--+--+--+--+--+  +--+--+--+--+--+--+--+--+  +     +     +  
|       9|  |  |  |    4|  |     |       4   |  |        |        | 2|                8      |  |     |     |  
+        +  +  +  +--+--+  +--+--+--+--+--+--+  +        +        +--+--+--+--+--+--+--+--+--+  +--+--+--+--+  
|        |  |  |  |    8|  |        |    9   |  |        |        | 4   |           | 8   |  |  |    4      |  
+        +  +  +  +     +  +        +        +  +        +        +     +           +     +  +  +--+--+--+--+  
|        | 6| 8| 8|     |  |    9   |        |  | 9      |    9   |     |    8      |     |  |  | 8         |  
+--+--+--+  +  +  +     +  +        +        +  +--+--+--+--+--+--+--+--+--+--+--+--+     +  +  +           +  
|  | 6   |  |  |  |     |  |        |        | 4|         12      |    6            |     |  |  |           |  
+  +     +  +  +  +     +  +--+--+--+--+--+--+--+                 +--+--+--+--+--+--+     +  +--+--+--+--+--+  
| 6|     |  |  |  |     | 6|  |       6         |                 | 6               |     |  |     |     | 4|  
+  +     +  +  +--+--+--+--+  +--+--+--+--+--+--+--+--+--+--+--+--+--+--+--+--+--+--+--+--+  +     +     +  +  
|  |     |  |  |       4   |  |       6         |                8      |          4|    4| 6| 6   |   10|  |  
+  +--+--+--+--+--+--+--+--+  +--+--+--+--+--+--+--+--+--+--+--+--+--+--+--+--+--+--+     +  +     +     +  +  
|  |             7      |  |  |  |      12| 6               | 9      |     |    3   |     |  |     |     |  |  
+  +--+--+--+--+--+--+--+  +  +  +        +--+--+--+--+--+--+        +     +--+--+--+--+--+--+--+--+     +  +  
|  |        | 4         |  |  |  |        |     |     |     |        |    6|           |          4|     |  |  
+  +        +--+--+--+--+  +  +  +        +     +     +     +        +     +           +--+--+--+--+     +--+  
|  |    6   |     |     | 4| 6| 4|        |     |    4| 4   |        |     | 8         |       4   |     | 3|  
+--+--+--+--+     +     +  +  +  +        +     +--+--+--+--+--+--+--+--+--+--+--+--+--+--+--+--+--+--+--+  +  
|    4      |     | 6   |  |  |  |        |    6| 6      |             8         |       4   |          4|  |  
+--+--+--+--+     +     +--+--+--+--+--+--+--+--+        +--+--+--+--+--+--+--+--+--+--+--+--+--+--+--+--+  +  
| 4         |    6|     |                   8   |        |          6      |          7         |    3   |  |  
+--+--+--+--+--+--+--+--+--+--+--+--+--+--+--+--+--+--+--+--+--+--+--+--+--+--+--+--+--+--+--+--+--+--+--+--+  
                                                                                                               
 
2015-03-31T06:48:45.604 情報 MinisatSolver: variables=120 reduced variables=20 logical vars=60 answers=1 elapse=1315ms 
2015-03-31T06:48:45.613 情報 <<<<< jp.saka1029.cspj.test.TestMain#testShikaku2 >>>>> 
2015-03-31T06:48:45.613 情報 SolverMain: start solve() solver=Sat4jSolver 
2015-03-31T06:48:45.638 情報 Shikaku: file=data\cis2.txt 
2015-03-31T06:48:45.674 情報 size=(36, 20)
+--+--+--+--+--+--+--+--+--+--+--+--+--+--+--+--+--+--+--+--+--+--+--+--+--+--+--+--+--+--+--+--+--+--+--+--+  
|       4              6                12                       8                          6              6|  
+                                                                                                           +  
|    4              5                 4                    3  5                          6              8   |  
+                                                                                                           +  
| 4           4                10                    6  8                    9  3  4                 8      |  
+                                                                                                           +  
|          6                       2                                                          10            |  
+                                                                                                           +  
|                            6                 4                12  6                       6               |  
+                                                                                                           +  
|    8        4  2  8     4                 4                          4              4                     |  
+                                                                                                           +  
| 5                                      6                             3           8                       8|  
+                                                                                                           +  
|                                     4           8           4                                         6   |  
+                                                                                                           +  
|          8                    8              6           6                 4              6  6  6         |  
+                                                                                                           +  
|       9              4                 4                          2                 8                     |  
+                                                                                                           +  
|                      8                 9                          4                 8              4      |  
+                                                                                                           +  
|          6  8  8              9                 9           9              8                    8         |  
+                                                                                                           +  
|    6                                         4          12           6                                    |  
+                                                                                                           +  
| 6                       6           6                             6                                      4|  
+                                                                                                           +  
|                      4              6                          8                 4     4  6  6       10   |  
+                                                                                                           +  
|                7                      12  6                 9                 3                           |  
+                                                                                                           +  
|             4                                                           6                       4         |  
+                                                                                                           +  
|       6                 4  6  4                    4  4                    8                 4           3|  
+                                                                                                           +  
|    4              6                          6  6                    8                 4              4   |  
+                                                                                                           +  
| 4              6                          8                       6                 7              3      |  
+--+--+--+--+--+--+--+--+--+--+--+--+--+--+--+--+--+--+--+--+--+--+--+--+--+--+--+--+--+--+--+--+--+--+--+--+  
                                                                                                               
 
2015-03-31T06:48:46.747 情報 size=(36, 20)
+--+--+--+--+--+--+--+--+--+--+--+--+--+--+--+--+--+--+--+--+--+--+--+--+--+--+--+--+--+--+--+--+--+--+--+--+  
|     | 4         |    6            |  |12      |  |             8         |                6|           | 6|  
+     +--+--+--+--+--+--+--+--+--+--+  +        +  +--+--+--+--+--+--+--+--+--+--+--+--+--+--+           +  +  
|    4|             5|              | 4|        |  |       3| 5            |             6   |          8|  |  
+--+--+--+--+--+--+--+              +  +        +  +--+--+--+--+--+--+--+--+--+--+--+--+--+--+--+--+--+--+  +  
| 4|     |    4      |         10   |  |        |  | 6| 8         |  |       9| 3| 4|              | 8   |  |  
+  +     +--+--+--+--+--+--+--+--+--+  +        +  +  +           +  +        +  +  +              +     +  +  
|  |     | 6               |     | 2|  |        |  |  |           |  |        |  |  |         10   |     |  |  
+  +     +--+--+--+--+--+--+     +  +--+--+--+--+  +  +--+--+--+--+  +        +  +  +--+--+--+--+--+     +  +  
|  |     |     |  |     |  | 6   |  |          4|  |  |         12| 6|        |  |  |     | 6      |     |  |  
+  +     +     +  +     +  +     +--+--+--+--+--+  +  +           +  +--+--+--+--+  +     +        +     +  +  
|  | 8   |    4| 2| 8   | 4|     |        | 4   |  |  |           |  | 4         |  | 4   |        |     |  |  
+--+--+--+--+--+--+     +  +--+--+        +     +  +  +           +  +--+--+--+--+--+--+--+--+--+--+--+--+--+  
| 5            |  |     |  |     |       6|     |  |  |           |  | 3|          8|                      8|  
+--+--+--+--+--+  +     +  +     +--+--+--+--+--+  +  +--+--+--+--+  +  +           +--+--+--+--+--+--+--+--+  
|           |  |  |     |  |     |    4|        | 8|  |       4   |  |  |           |        |  |     | 6   |  
+           +  +  +--+--+--+     +     +        +--+--+--+--+--+--+--+  +--+--+--+--+        +  +     +     +  
|          8|  |  |     |  |    8|     |       6|          6      |  |  |    4      |       6| 6| 6   |     |  
+--+--+--+--+  +  +     +  +     +--+--+--+--+--+--+--+--+--+--+--+  +--+--+--+--+--+--+--+--+  +     +     +  
|       9|  |  |  |    4|  |     |       4   |  |        |        | 2|                8      |  |     |     |  
+        +  +  +  +--+--+  +--+--+--+--+--+--+  +        +        +--+--+--+--+--+--+--+--+--+  +--+--+--+--+  
|        |  |  |  |    8|  |        |    9   |  |        |        | 4   |           | 8   |  |  |    4      |  
+        +  +  +  +     +  +        +        +  +        +        +     +           +     +  +  +--+--+--+--+  
|        | 6| 8| 8|     |  |    9   |        |  | 9      |    9   |     |    8      |     |  |  | 8         |  
+--+--+--+  +  +  +     +  +        +        +  +--+--+--+--+--+--+--+--+--+--+--+--+     +  +  +           +  
|  | 6   |  |  |  |     |  |        |        | 4|         12      |    6            |     |  |  |           |  
+  +     +  +  +  +     +  +--+--+--+--+--+--+--+                 +--+--+--+--+--+--+     +  +--+--+--+--+--+  
| 6|     |  |  |  |     | 6|  |       6         |                 | 6               |     |  |     |     | 4|  
+  +     +  +  +--+--+--+--+  +--+--+--+--+--+--+--+--+--+--+--+--+--+--+--+--+--+--+--+--+  +     +     +  +  
|  |     |  |  |       4   |  |       6         |                8      |          4|    4| 6| 6   |   10|  |  
+  +--+--+--+--+--+--+--+--+  +--+--+--+--+--+--+--+--+--+--+--+--+--+--+--+--+--+--+     +  +     +     +  +  
|  |             7      |  |  |  |      12| 6               | 9      |     |    3   |     |  |     |     |  |  
+  +--+--+--+--+--+--+--+  +  +  +        +--+--+--+--+--+--+        +     +--+--+--+--+--+--+--+--+     +  +  
|  |        | 4         |  |  |  |        |     |     |     |        |    6|           |          4|     |  |  
+  +        +--+--+--+--+  +  +  +        +     +     +     +        +     +           +--+--+--+--+     +--+  
|  |    6   |     |     | 4| 6| 4|        |     |    4| 4   |        |     | 8         |       4   |     | 3|  
+--+--+--+--+     +     +  +  +  +        +     +--+--+--+--+--+--+--+--+--+--+--+--+--+--+--+--+--+--+--+  +  
|    4      |     | 6   |  |  |  |        |    6| 6      |             8         |       4   |          4|  |  
+--+--+--+--+     +     +--+--+--+--+--+--+--+--+        +--+--+--+--+--+--+--+--+--+--+--+--+--+--+--+--+  +  
| 4         |    6|     |                   8   |        |          6      |          7         |    3   |  |  
+--+--+--+--+--+--+--+--+--+--+--+--+--+--+--+--+--+--+--+--+--+--+--+--+--+--+--+--+--+--+--+--+--+--+--+--+  
                                                                                                               
 
2015-03-31T06:48:46.801 情報 Sat4jSolver: variables=120 reduced variables=20 logical vars=60 constraints=327->328 answers=1 elapse=976ms 
2015-03-31T06:48:46.804 情報 <<<<< jp.saka1029.cspj.test.TestMain#testShikaku2 >>>>> 
2015-03-31T06:48:46.804 情報 SolverMain: start solve() solver=JacopSolver 
2015-03-31T06:48:46.837 情報 Shikaku: file=data\cis2.txt 
2015-03-31T06:48:46.841 情報 size=(36, 20)
+--+--+--+--+--+--+--+--+--+--+--+--+--+--+--+--+--+--+--+--+--+--+--+--+--+--+--+--+--+--+--+--+--+--+--+--+  
|       4              6                12                       8                          6              6|  
+                                                                                                           +  
|    4              5                 4                    3  5                          6              8   |  
+                                                                                                           +  
| 4           4                10                    6  8                    9  3  4                 8      |  
+                                                                                                           +  
|          6                       2                                                          10            |  
+                                                                                                           +  
|                            6                 4                12  6                       6               |  
+                                                                                                           +  
|    8        4  2  8     4                 4                          4              4                     |  
+                                                                                                           +  
| 5                                      6                             3           8                       8|  
+                                                                                                           +  
|                                     4           8           4                                         6   |  
+                                                                                                           +  
|          8                    8              6           6                 4              6  6  6         |  
+                                                                                                           +  
|       9              4                 4                          2                 8                     |  
+                                                                                                           +  
|                      8                 9                          4                 8              4      |  
+                                                                                                           +  
|          6  8  8              9                 9           9              8                    8         |  
+                                                                                                           +  
|    6                                         4          12           6                                    |  
+                                                                                                           +  
| 6                       6           6                             6                                      4|  
+                                                                                                           +  
|                      4              6                          8                 4     4  6  6       10   |  
+                                                                                                           +  
|                7                      12  6                 9                 3                           |  
+                                                                                                           +  
|             4                                                           6                       4         |  
+                                                                                                           +  
|       6                 4  6  4                    4  4                    8                 4           3|  
+                                                                                                           +  
|    4              6                          6  6                    8                 4              4   |  
+                                                                                                           +  
| 4              6                          8                       6                 7              3      |  
+--+--+--+--+--+--+--+--+--+--+--+--+--+--+--+--+--+--+--+--+--+--+--+--+--+--+--+--+--+--+--+--+--+--+--+--+  
                                                                                                               
 
2015-03-31T06:48:47.545 情報 size=(36, 20)
+--+--+--+--+--+--+--+--+--+--+--+--+--+--+--+--+--+--+--+--+--+--+--+--+--+--+--+--+--+--+--+--+--+--+--+--+  
|     | 4         |    6            |  |12      |  |             8         |                6|           | 6|  
+     +--+--+--+--+--+--+--+--+--+--+  +        +  +--+--+--+--+--+--+--+--+--+--+--+--+--+--+           +  +  
|    4|             5|              | 4|        |  |       3| 5            |             6   |          8|  |  
+--+--+--+--+--+--+--+              +  +        +  +--+--+--+--+--+--+--+--+--+--+--+--+--+--+--+--+--+--+  +  
| 4|     |    4      |         10   |  |        |  | 6| 8         |  |       9| 3| 4|              | 8   |  |  
+  +     +--+--+--+--+--+--+--+--+--+  +        +  +  +           +  +        +  +  +              +     +  +  
|  |     | 6               |     | 2|  |        |  |  |           |  |        |  |  |         10   |     |  |  
+  +     +--+--+--+--+--+--+     +  +--+--+--+--+  +  +--+--+--+--+  +        +  +  +--+--+--+--+--+     +  +  
|  |     |     |  |     |  | 6   |  |          4|  |  |         12| 6|        |  |  |     | 6      |     |  |  
+  +     +     +  +     +  +     +--+--+--+--+--+  +  +           +  +--+--+--+--+  +     +        +     +  +  
|  | 8   |    4| 2| 8   | 4|     |        | 4   |  |  |           |  | 4         |  | 4   |        |     |  |  
+--+--+--+--+--+--+     +  +--+--+        +     +  +  +           +  +--+--+--+--+--+--+--+--+--+--+--+--+--+  
| 5            |  |     |  |     |       6|     |  |  |           |  | 3|          8|                      8|  
+--+--+--+--+--+  +     +  +     +--+--+--+--+--+  +  +--+--+--+--+  +  +           +--+--+--+--+--+--+--+--+  
|           |  |  |     |  |     |    4|        | 8|  |       4   |  |  |           |        |  |     | 6   |  
+           +  +  +--+--+--+     +     +        +--+--+--+--+--+--+--+  +--+--+--+--+        +  +     +     +  
|          8|  |  |     |  |    8|     |       6|          6      |  |  |    4      |       6| 6| 6   |     |  
+--+--+--+--+  +  +     +  +     +--+--+--+--+--+--+--+--+--+--+--+  +--+--+--+--+--+--+--+--+  +     +     +  
|       9|  |  |  |    4|  |     |       4   |  |        |        | 2|                8      |  |     |     |  
+        +  +  +  +--+--+  +--+--+--+--+--+--+  +        +        +--+--+--+--+--+--+--+--+--+  +--+--+--+--+  
|        |  |  |  |    8|  |        |    9   |  |        |        | 4   |           | 8   |  |  |    4      |  
+        +  +  +  +     +  +        +        +  +        +        +     +           +     +  +  +--+--+--+--+  
|        | 6| 8| 8|     |  |    9   |        |  | 9      |    9   |     |    8      |     |  |  | 8         |  
+--+--+--+  +  +  +     +  +        +        +  +--+--+--+--+--+--+--+--+--+--+--+--+     +  +  +           +  
|  | 6   |  |  |  |     |  |        |        | 4|         12      |    6            |     |  |  |           |  
+  +     +  +  +  +     +  +--+--+--+--+--+--+--+                 +--+--+--+--+--+--+     +  +--+--+--+--+--+  
| 6|     |  |  |  |     | 6|  |       6         |                 | 6               |     |  |     |     | 4|  
+  +     +  +  +--+--+--+--+  +--+--+--+--+--+--+--+--+--+--+--+--+--+--+--+--+--+--+--+--+  +     +     +  +  
|  |     |  |  |       4   |  |       6         |                8      |          4|    4| 6| 6   |   10|  |  
+  +--+--+--+--+--+--+--+--+  +--+--+--+--+--+--+--+--+--+--+--+--+--+--+--+--+--+--+     +  +     +     +  +  
|  |             7      |  |  |  |      12| 6               | 9      |     |    3   |     |  |     |     |  |  
+  +--+--+--+--+--+--+--+  +  +  +        +--+--+--+--+--+--+        +     +--+--+--+--+--+--+--+--+     +  +  
|  |        | 4         |  |  |  |        |     |     |     |        |    6|           |          4|     |  |  
+  +        +--+--+--+--+  +  +  +        +     +     +     +        +     +           +--+--+--+--+     +--+  
|  |    6   |     |     | 4| 6| 4|        |     |    4| 4   |        |     | 8         |       4   |     | 3|  
+--+--+--+--+     +     +  +  +  +        +     +--+--+--+--+--+--+--+--+--+--+--+--+--+--+--+--+--+--+--+  +  
|    4      |     | 6   |  |  |  |        |    6| 6      |             8         |       4   |          4|  |  
+--+--+--+--+     +     +--+--+--+--+--+--+--+--+        +--+--+--+--+--+--+--+--+--+--+--+--+--+--+--+--+  +  
| 4         |    6|     |                   8   |        |          6      |          7         |    3   |  |  
+--+--+--+--+--+--+--+--+--+--+--+--+--+--+--+--+--+--+--+--+--+--+--+--+--+--+--+--+--+--+--+--+--+--+--+--+  
                                                                                                               
 
2015-03-31T06:48:47.623 情報 JacopSolver: vars=120 answers=1 elapse=766ms 
