2015-10-24T12:05:07.672 情報 <<<<< jp.saka1029.cspj.test.TestHelper.testMultCollectionOfVariableOfQextendsInteger >>>>> 
2015-10-24T12:05:08.339 情報 <<<<< jp.saka1029.cspj.test.TestHelper.testLtVariableOfTVariableOfT >>>>> 
2015-10-24T12:05:08.382 情報 <<<<< jp.saka1029.cspj.test.TestHelper.testEqVariableOfQextendsObjectObject >>>>> 
2015-10-24T12:05:08.385 情報 <<<<< jp.saka1029.cspj.test.TestHelper.testCgtVariableOfTVariableOfT >>>>> 
2015-10-24T12:05:08.388 情報 <<<<< jp.saka1029.cspj.test.TestHelper.testCandVariableOfBooleanArray >>>>> 
2015-10-24T12:05:08.389 情報 <<<<< jp.saka1029.cspj.test.TestHelper.testPlusVariableOfIntegerArray >>>>> 
2015-10-24T12:05:08.393 情報 <<<<< jp.saka1029.cspj.test.TestHelper.testOrCollectionOfVariableOfQextendsBoolean >>>>> 
2015-10-24T12:05:08.396 情報 <<<<< jp.saka1029.cspj.test.TestHelper.testGtVariableOfTVariableOfT >>>>> 
2015-10-24T12:05:08.399 情報 <<<<< jp.saka1029.cspj.test.TestHelper.testGtVariableOfTT >>>>> 
2015-10-24T12:05:08.401 情報 <<<<< jp.saka1029.cspj.test.TestHelper.testCgtVariableOfTT >>>>> 
2015-10-24T12:05:08.403 情報 <<<<< jp.saka1029.cspj.test.TestHelper.testMinusCollectionOfVariableOfQextendsInteger >>>>> 
2015-10-24T12:05:08.406 情報 <<<<< jp.saka1029.cspj.test.TestHelper.testMultVariableOfIntegerArray >>>>> 
2015-10-24T12:05:08.409 情報 <<<<< jp.saka1029.cspj.test.TestHelper.testGeVariableOfTT >>>>> 
2015-10-24T12:05:08.412 情報 <<<<< jp.saka1029.cspj.test.TestHelper.testCgeVariableOfTT >>>>> 
2015-10-24T12:05:08.413 情報 <<<<< jp.saka1029.cspj.test.TestHelper.testAbs >>>>> 
2015-10-24T12:05:08.439 情報 <<<<< jp.saka1029.cspj.test.TestHelper.testNot >>>>> 
2015-10-24T12:05:08.444 情報 <<<<< jp.saka1029.cspj.test.TestHelper.testMinusVariableOfIntegerArray >>>>> 
2015-10-24T12:05:08.446 情報 <<<<< jp.saka1029.cspj.test.TestHelper.testCeqVariableOfQextendsObjectVariableOfQextendsObject >>>>> 
2015-10-24T12:05:08.449 情報 <<<<< jp.saka1029.cspj.test.TestHelper.testCnot >>>>> 
2015-10-24T12:05:08.451 情報 <<<<< jp.saka1029.cspj.test.TestHelper.testMinusVariableOfIntegerInt >>>>> 
2015-10-24T12:05:08.454 情報 <<<<< jp.saka1029.cspj.test.TestHelper.testPlusCollectionOfVariableOfQextendsInteger >>>>> 
2015-10-24T12:05:08.456 情報 <<<<< jp.saka1029.cspj.test.TestHelper.testNeVariableOfQextendsObjectVariableOfQextendsObject >>>>> 
2015-10-24T12:05:08.461 情報 <<<<< jp.saka1029.cspj.test.TestHelper.testCorCollectionOfVariableOfQextendsBoolean >>>>> 
2015-10-24T12:05:08.463 情報 <<<<< jp.saka1029.cspj.test.TestHelper.testMultVariableOfIntegerInt >>>>> 
2015-10-24T12:05:08.465 情報 <<<<< jp.saka1029.cspj.test.TestHelper.testPlusVariableOfIntegerInt >>>>> 
2015-10-24T12:05:08.468 情報 <<<<< jp.saka1029.cspj.test.TestHelper.testDivVariableOfIntegerVariableOfInteger >>>>> 
2015-10-24T12:05:08.472 情報 <<<<< jp.saka1029.cspj.test.TestHelper.testLtVariableOfTT >>>>> 
2015-10-24T12:05:08.477 情報 <<<<< jp.saka1029.cspj.test.TestHelper.testCltVariableOfTT >>>>> 
2015-10-24T12:05:08.480 情報 <<<<< jp.saka1029.cspj.test.TestHelper.testLeVariableOfTT >>>>> 
2015-10-24T12:05:08.483 情報 <<<<< jp.saka1029.cspj.test.TestHelper.testCleVariableOfTT >>>>> 
2015-10-24T12:05:08.484 情報 <<<<< jp.saka1029.cspj.test.TestHelper.testAndCollectionOfVariableOfQextendsBoolean >>>>> 
2015-10-24T12:05:08.485 情報 <<<<< jp.saka1029.cspj.test.TestHelper.testAndVariableOfBooleanArray >>>>> 
2015-10-24T12:05:08.487 情報 <<<<< jp.saka1029.cspj.test.TestHelper.testCleVariableOfTVariableOfT >>>>> 
2015-10-24T12:05:08.488 情報 <<<<< jp.saka1029.cspj.test.TestHelper.testModVariableOfIntegerInt >>>>> 
2015-10-24T12:05:08.489 情報 <<<<< jp.saka1029.cspj.test.TestHelper.testLeVariableOfTVariableOfT >>>>> 
2015-10-24T12:05:08.491 情報 <<<<< jp.saka1029.cspj.test.TestHelper.testCorVariableOfBooleanArray >>>>> 
2015-10-24T12:05:08.495 情報 <<<<< jp.saka1029.cspj.test.TestHelper.testModVariableOfIntegerVariableOfInteger >>>>> 
2015-10-24T12:05:08.499 情報 <<<<< jp.saka1029.cspj.test.TestHelper.testCgeVariableOfTVariableOfT >>>>> 
2015-10-24T12:05:08.504 情報 <<<<< jp.saka1029.cspj.test.TestHelper.testCneVariableOfQextendsObjectVariableOfQextendsObject >>>>> 
2015-10-24T12:05:08.510 情報 <<<<< jp.saka1029.cspj.test.TestHelper.testCneVariableOfQextendsObjectObject >>>>> 
2015-10-24T12:05:08.515 情報 <<<<< jp.saka1029.cspj.test.TestHelper.testAllDifferentCollectionOfVariableOfQextendsObject >>>>> 
2015-10-24T12:05:08.535 情報 <<<<< jp.saka1029.cspj.test.TestHelper.testOrVariableOfBooleanArray >>>>> 
2015-10-24T12:05:08.540 情報 <<<<< jp.saka1029.cspj.test.TestHelper.testGeVariableOfTVariableOfT >>>>> 
2015-10-24T12:05:08.543 情報 <<<<< jp.saka1029.cspj.test.TestHelper.testCandCollectionOfVariableOfQextendsBoolean >>>>> 
2015-10-24T12:05:08.544 情報 <<<<< jp.saka1029.cspj.test.TestHelper.testForEachPairsStringConstraintPredicateOfACollectionOfVariableOfQextendsA >>>>> 
2015-10-24T12:05:08.547 情報 <<<<< jp.saka1029.cspj.test.TestHelper.testDivVariableOfIntegerInt >>>>> 
2015-10-24T12:05:08.549 情報 <<<<< jp.saka1029.cspj.test.TestHelper.testEqVariableOfQextendsObjectVariableOfQextendsObject >>>>> 
2015-10-24T12:05:08.550 情報 <<<<< jp.saka1029.cspj.test.TestHelper.testAllDifferentVariableOfQextendsObjectArray >>>>> 
2015-10-24T12:05:08.552 情報 <<<<< jp.saka1029.cspj.test.TestHelper.testNeVariableOfQextendsObjectObject >>>>> 
2015-10-24T12:05:08.553 情報 <<<<< jp.saka1029.cspj.test.TestHelper.testCeqVariableOfQextendsObjectObject >>>>> 
2015-10-24T12:05:08.555 情報 <<<<< jp.saka1029.cspj.test.TestHelper.testCltVariableOfTVariableOfT >>>>> 
2015-10-24T12:05:08.557 情報 <<<<< jp.saka1029.cspj.test.TestHelper.testForEachPairsStringConstraintPredicateOfAVariableOfAArray >>>>> 
